Thread de déblocage des parcelles démarré
Thread de déblocage des parcelles démarré
Thread de déblocage des parcelles démarré
Déblocage des parcelles expirées démarré
Thread de déblocage des parcelles démarré
Déblocage des parcelles expirées démarré
Thread de déblocage des parcelles démarré
Thread de déblocage des parcelles démarré
Thread de déblocage des parcelles démarré
Déblocage des parcelles expirées démarré
Thread de déblocage des parcelles démarré
Thread de déblocage des parcelles démarré
Déblocage des parcelles expirées démarré
Thread de déblocage des parcelles démarré
Parcelle 27 débloquée automatiquement à 2025-01-16 23:44:30.511822
Thread de déblocage des parcelles démarré
Déblocage des parcelles expirées démarré
Thread de déblocage des parcelles démarré
Thread de déblocage des parcelles démarré
Déblocage des parcelles expirées démarré
Thread de déblocage des parcelles démarré
Déblocage des parcelles expirées non démarré
Thread de déblocage des parcelles démarré
Déblocage des parcelles expirées non démarré
Thread de déblocage des parcelles démarré
Thread de déblocage des parcelles démarré
Déblocage des parcelles expirées démarré
Thread de déblocage des parcelles démarré
Déblocage des parcelles expirées démarré
Thread de déblocage des parcelles démarré
Déblocage des parcelles expirées non démarré
Thread de déblocage des parcelles démarré
Thread de déblocage des parcelles démarré
Déblocage des parcelles expirées démarré
Thread de déblocage des parcelles démarré
Déblocage des parcelles expirées démarré
Thread de déblocage des parcelles démarré
Parcelle 27 débloquée automatiquement à 2025-01-17 00:12:02.726513
Thread de déblocage des parcelles démarré
Déblocage des parcelles expirées démarré
Thread de déblocage des parcelles démarré
Thread de déblocage des parcelles démarré
Déblocage des parcelles expirées démarré
Thread de déblocage des parcelles démarré
Parcelle 27 débloquée automatiquement à 2025-01-17 00:16:03.626570
Thread de déblocage des parcelles démarré
Déblocage des parcelles expirées démarré
Thread de déblocage des parcelles démarré
Thread de déblocage des parcelles démarré
Déblocage des parcelles expirées démarré
Thread de déblocage des parcelles démarré
Déblocage des parcelles expirées démarré
Thread de déblocage des parcelles démarré
Thread de déblocage des parcelles démarré
Déblocage des parcelles expirées démarré
Thread de déblocage des parcelles démarré
Déblocage des parcelles expirées démarré
Thread de déblocage des parcelles démarré
Parcelle 27 débloquée automatiquement à 2025-01-17 00:26:22.438099
Thread de déblocage des parcelles démarré
Déblocage des parcelles expirées démarré
Thread de déblocage des parcelles démarré
Parcelle 37 débloquée automatiquement à 2025-01-17 00:29:22.487371
Parcelle 36 débloquée automatiquement à 2025-01-17 00:29:22.487371
Parcelle 35 débloquée automatiquement à 2025-01-17 00:29:22.487371
Parcelle 34 débloquée automatiquement à 2025-01-17 00:29:22.487371
Thread de déblocage des parcelles démarré
Déblocage des parcelles expirées démarré
Thread de déblocage des parcelles démarré
Déblocage des parcelles expirées démarré
Thread de déblocage des parcelles démarré
Thread de déblocage des parcelles démarré
Déblocage des parcelles expirées démarré
Thread de déblocage des parcelles démarré
Déblocage des parcelles expirées démarré
Thread de déblocage des parcelles démarré
Thread de déblocage des parcelles démarré
Parcelle 27 débloquée automatiquement à 2025-01-17 09:29:56.474637
Thread de déblocage des parcelles démarré
Thread de déblocage des parcelles démarré
Thread de déblocage des parcelles démarré
Thread de déblocage des parcelles démarré
Thread de déblocage des parcelles démarré
Thread de déblocage des parcelles démarré
Thread de déblocage des parcelles démarré
Thread de déblocage des parcelles démarré
Thread de déblocage des parcelles démarré
Thread de déblocage des parcelles démarré
Thread de déblocage des parcelles démarré
Données reçues: {'identification': {'typePersonne': 'physique', 'nom_complet': 'OUEDRAOGO Moussa', 'telephone': '70123456', 'email': 'moussa.ouedraogo@example.com', 'date_naissance': '1990-05-15', 'lieu_naissance': 'Ouagadougou', 'profession': 'Commerçant', 'genre': 'M', 'document': 'CNIB', 'numero_piece': 'B123456789', 'date_expiration': '2025-12-31', 'lieu_etablissement': 'Ouagadougou', 'date_etablissement': '2020-01-15', 'pays': 'Burkina Faso', 'region': 'Centre', 'ville': 'Ouagadougou', 'adresse': 'Secteur 15, Rue 15.25'}, 'parcelle': {'id': '19', 'code': 'SI', 'section': 'SE', 'lot': '22', 'numero': '300', 'surface': '300', 'coutUnitaire': '26000', 'prix': '7800000', 'acompte': '2500000', 'resteAPayer': '5300000', 'position': "Habitation A L'Angle D'Une Voie Bitumée", 'typeParcelle': 'Habitation'}, 'typeParcelle': {'id': '2', 'code': 'HB', 'nom': 'Habitation', 'description': 'Habitation'}, 'operation': {'id': '2', 'intitule': 'Vente site de Tougan', 'projet': '', 'localite': 'Tougan', 'montant_souscription': 10, 'duree_souscription': 12, 'description': 'Un site premium situé dans un quartier calme et verdoyant de Ziniaré.', 'condition': {'condition_souscription': 'Pour prétendre à l’attribution d’un terrain au Burkina Faso, le demandeur doit remplir certaines conditions. Tout d’abord, il doit être de nationalité burkinabè ou justifier d’un investissement économique significatif dans le pays pour les étrangers. Les entreprises, quant à elles, doivent être légalement enregistrées et exercer des activités conformes à la législation en vigueur. Les demandeurs doivent également prouver leur capacité à mettre en valeur le terrain, que ce soit pour des projets résidentiels, agricoles, industriels ou commerciaux.', 'methode_attribution': 'Les terrains sont classés selon leur vocation : urbains, ruraux, agricoles, industriels ou à usage mixte. Les terrains urbains sont généralement destinés à la construction de logements, d’infrastructures publiques ou de projets immobiliers. Les terrains ruraux et agricoles sont attribués pour soutenir le développement de l’agriculture, de l’élevage ou de l’agro-industrie. Les terrains industriels, quant à eux, sont réservés aux projets de production, de transformation ou de services à grande échelle.', 'documents_requis': 'Au Burkina Faso, l’attribution de terrains est régie par des règles et des procédures bien définies, visant à garantir une gestion transparente et équitable des ressources foncières. Ces conditions sont encadrées par des textes législatifs et réglementaires, notamment le Code général des collectivités territoriales, la Loi portant réorganisation agraire et foncière (RAF), ainsi que les décrets d’application relatifs à la gestion du domaine foncier national. L’objectif est de répondre aux besoins en logement, en développement économique et en infrastructures tout en préservant les droits des populations locales.'}}, 'paiement': {'methode': 'Mobile Money', 'numeroTransaction': 'TX-1737113442100', 'date': '2025-01-17T11:30:42.100Z'}}
Thread de déblocage des parcelles démarré

                                Parcelle 19 débloquée automatiquement:
                                - Débloquée à: 2025-01-17 17:27:33.633443
                                - Était bloquée depuis: None
                                - Devait expirer à: None
                            
Thread de déblocage des parcelles démarré
Thread de déblocage des parcelles démarré
Thread de déblocage des parcelles démarré
Thread de déblocage des parcelles démarré
Thread de déblocage des parcelles démarré
Thread de déblocage des parcelles démarré
Données reçues: {'identification': {'typePersonne': 'morale', 'raison_sociale': 'ghv', 'forme_juridique': 'SARL', 'rccm': '4612', 'ifu': '852', 'siege_social': 'sdfghjk', 'nom_representant': 'YAMEOGO', 'prenom_representant': 'TEGAWENDE MARTIN JUNIOR', 'fonction_representant': 'dev', 'telephone': '74250254', 'email': 'myameogo@ikasolution.com', 'pays': 'Burkina Faso', 'region': 'ouaga', 'ville': 'OUAGADOUGOU', 'adresse': 'bobo@abva"""&&))\'&àç€\\^€€\\\\'}, 'parcelle': {'id': '23', 'code': 'SI', 'section': 'SE', 'lot': '6', 'numero': '600', 'surface': '600', 'coutUnitaire': '40000', 'prix': '24000000', 'acompte': '12000000', 'resteAPayer': '12000000', 'position': "Commerce Et Service À L'Angle D'Une Non Voie Bitumée", 'typeParcelle': 'Commercial'}, 'typeParcelle': {'id': '1', 'code': 'CM', 'nom': 'Commercial', 'description': 'Commercial'}, 'operation': {'id': '2', 'intitule': 'Vente site de Tougan', 'projet': '', 'localite': 'Tougan', 'montant_souscription': 10, 'duree_souscription': 12, 'description': 'Un site premium situé dans un quartier calme et verdoyant de Ziniaré.', 'condition': {'condition_souscription': 'Pour prétendre à l’attribution d’un terrain au Burkina Faso, le demandeur doit remplir certaines conditions. Tout d’abord, il doit être de nationalité burkinabè ou justifier d’un investissement économique significatif dans le pays pour les étrangers. Les entreprises, quant à elles, doivent être légalement enregistrées et exercer des activités conformes à la législation en vigueur. Les demandeurs doivent également prouver leur capacité à mettre en valeur le terrain, que ce soit pour des projets résidentiels, agricoles, industriels ou commerciaux.', 'methode_attribution': 'Les terrains sont classés selon leur vocation : urbains, ruraux, agricoles, industriels ou à usage mixte. Les terrains urbains sont généralement destinés à la construction de logements, d’infrastructures publiques ou de projets immobiliers. Les terrains ruraux et agricoles sont attribués pour soutenir le développement de l’agriculture, de l’élevage ou de l’agro-industrie. Les terrains industriels, quant à eux, sont réservés aux projets de production, de transformation ou de services à grande échelle.', 'documents_requis': 'Au Burkina Faso, l’attribution de terrains est régie par des règles et des procédures bien définies, visant à garantir une gestion transparente et équitable des ressources foncières. Ces conditions sont encadrées par des textes législatifs et réglementaires, notamment le Code général des collectivités territoriales, la Loi portant réorganisation agraire et foncière (RAF), ainsi que les décrets d’application relatifs à la gestion du domaine foncier national. L’objectif est de répondre aux besoins en logement, en développement économique et en infrastructures tout en préservant les droits des populations locales.'}}, 'paiement': {'methode': 'Mobile Money', 'numeroTransaction': 'TX-1737135719787', 'date': '2025-01-17T17:41:59.787Z'}}
Données reçues: {'identification': {'typePersonne': 'morale', 'raison_sociale': 'IKA TEST', 'forme_juridique': 'SARL', 'rccm': '212315665655445565', 'ifu': '55zdede55', 'siege_social': 'ouaga', 'nom_representant': 'ika', 'prenom_representant': 'solution', 'fonction_representant': 'dg', 'telephone': '20000000', 'email': 'ika@ika.bf', 'pays': 'Burkina Faso', 'region': 'kadiogo', 'ville': 'Ouagdougou', 'adresse': 'ras'}, 'parcelle': {'id': '19', 'code': 'SI', 'section': 'SE', 'lot': '22', 'numero': '300', 'surface': '300', 'coutUnitaire': '26000', 'prix': '7800000', 'acompte': '2500000', 'resteAPayer': '5300000', 'position': "Habitation A L'Angle D'Une Voie Bitumée", 'typeParcelle': 'Habitation'}, 'typeParcelle': {'id': '2', 'code': 'HB', 'nom': 'Habitation', 'description': 'Habitation'}, 'operation': {'id': '2', 'intitule': 'Vente site de Tougan', 'projet': '', 'localite': 'Tougan', 'montant_souscription': 10, 'duree_souscription': 12, 'description': 'Un site premium situé dans un quartier calme et verdoyant de Ziniaré.', 'condition': {'condition_souscription': 'Pour prétendre à l’attribution d’un terrain au Burkina Faso, le demandeur doit remplir certaines conditions. Tout d’abord, il doit être de nationalité burkinabè ou justifier d’un investissement économique significatif dans le pays pour les étrangers. Les entreprises, quant à elles, doivent être légalement enregistrées et exercer des activités conformes à la législation en vigueur. Les demandeurs doivent également prouver leur capacité à mettre en valeur le terrain, que ce soit pour des projets résidentiels, agricoles, industriels ou commerciaux.', 'methode_attribution': 'Les terrains sont classés selon leur vocation : urbains, ruraux, agricoles, industriels ou à usage mixte. Les terrains urbains sont généralement destinés à la construction de logements, d’infrastructures publiques ou de projets immobiliers. Les terrains ruraux et agricoles sont attribués pour soutenir le développement de l’agriculture, de l’élevage ou de l’agro-industrie. Les terrains industriels, quant à eux, sont réservés aux projets de production, de transformation ou de services à grande échelle.', 'documents_requis': 'Au Burkina Faso, l’attribution de terrains est régie par des règles et des procédures bien définies, visant à garantir une gestion transparente et équitable des ressources foncières. Ces conditions sont encadrées par des textes législatifs et réglementaires, notamment le Code général des collectivités territoriales, la Loi portant réorganisation agraire et foncière (RAF), ainsi que les décrets d’application relatifs à la gestion du domaine foncier national. L’objectif est de répondre aux besoins en logement, en développement économique et en infrastructures tout en préservant les droits des populations locales.'}}, 'paiement': {'methode': 'Mobile Money', 'numeroTransaction': 'TX-1737135921950', 'date': '2025-01-17T17:45:21.950Z'}}
Données reçues: {'identification': {'typePersonne': 'morale', 'raison_sociale': 'IKA TEST', 'forme_juridique': 'SARL', 'rccm': '212315665655445565', 'ifu': '55zdede55', 'siege_social': 'ouaga', 'nom_representant': 'ika', 'prenom_representant': 'solution', 'fonction_representant': 'dg', 'telephone': '20000000', 'email': 'ika@ika.bf', 'pays': 'Burkina Faso', 'region': 'kadiogo', 'ville': 'Ouagdougou', 'adresse': 'ras'}, 'parcelle': {'id': '19', 'code': 'SI', 'section': 'SE', 'lot': '22', 'numero': '300', 'surface': '300', 'coutUnitaire': '26000', 'prix': '7800000', 'acompte': '2500000', 'resteAPayer': '5300000', 'position': "Habitation A L'Angle D'Une Voie Bitumée", 'typeParcelle': 'Habitation'}, 'typeParcelle': {'id': '2', 'code': 'HB', 'nom': 'Habitation', 'description': 'Habitation'}, 'operation': {'id': '2', 'intitule': 'Vente site de Tougan', 'projet': '', 'localite': 'Tougan', 'montant_souscription': 10, 'duree_souscription': 12, 'description': 'Un site premium situé dans un quartier calme et verdoyant de Ziniaré.', 'condition': {'condition_souscription': 'Pour prétendre à l’attribution d’un terrain au Burkina Faso, le demandeur doit remplir certaines conditions. Tout d’abord, il doit être de nationalité burkinabè ou justifier d’un investissement économique significatif dans le pays pour les étrangers. Les entreprises, quant à elles, doivent être légalement enregistrées et exercer des activités conformes à la législation en vigueur. Les demandeurs doivent également prouver leur capacité à mettre en valeur le terrain, que ce soit pour des projets résidentiels, agricoles, industriels ou commerciaux.', 'methode_attribution': 'Les terrains sont classés selon leur vocation : urbains, ruraux, agricoles, industriels ou à usage mixte. Les terrains urbains sont généralement destinés à la construction de logements, d’infrastructures publiques ou de projets immobiliers. Les terrains ruraux et agricoles sont attribués pour soutenir le développement de l’agriculture, de l’élevage ou de l’agro-industrie. Les terrains industriels, quant à eux, sont réservés aux projets de production, de transformation ou de services à grande échelle.', 'documents_requis': 'Au Burkina Faso, l’attribution de terrains est régie par des règles et des procédures bien définies, visant à garantir une gestion transparente et équitable des ressources foncières. Ces conditions sont encadrées par des textes législatifs et réglementaires, notamment le Code général des collectivités territoriales, la Loi portant réorganisation agraire et foncière (RAF), ainsi que les décrets d’application relatifs à la gestion du domaine foncier national. L’objectif est de répondre aux besoins en logement, en développement économique et en infrastructures tout en préservant les droits des populations locales.'}}, 'paiement': {'methode': 'Carte bancaire', 'numeroTransaction': 'TX-1737135940893', 'date': '2025-01-17T17:45:40.893Z'}}
Données reçues: {'identification': {'typePersonne': 'morale', 'raison_sociale': 'IKA TEST', 'forme_juridique': 'SARL', 'rccm': '212315665655445565', 'ifu': '55zdede55', 'siege_social': 'ouaga', 'nom_representant': 'ika', 'prenom_representant': 'solution', 'fonction_representant': 'dg', 'telephone': '20000000', 'email': 'ika@ika.bf', 'pays': 'Burkina Faso', 'region': 'kadiogo', 'ville': 'Ouagdougou', 'adresse': 'ras'}, 'parcelle': {'id': '19', 'code': 'SI', 'section': 'SE', 'lot': '22', 'numero': '300', 'surface': '300', 'coutUnitaire': '26000', 'prix': '7800000', 'acompte': '2500000', 'resteAPayer': '5300000', 'position': "Habitation A L'Angle D'Une Voie Bitumée", 'typeParcelle': 'Habitation'}, 'typeParcelle': {'id': '2', 'code': 'HB', 'nom': 'Habitation', 'description': 'Habitation'}, 'operation': {'id': '2', 'intitule': 'Vente site de Tougan', 'projet': '', 'localite': 'Tougan', 'montant_souscription': 10, 'duree_souscription': 12, 'description': 'Un site premium situé dans un quartier calme et verdoyant de Ziniaré.', 'condition': {'condition_souscription': 'Pour prétendre à l’attribution d’un terrain au Burkina Faso, le demandeur doit remplir certaines conditions. Tout d’abord, il doit être de nationalité burkinabè ou justifier d’un investissement économique significatif dans le pays pour les étrangers. Les entreprises, quant à elles, doivent être légalement enregistrées et exercer des activités conformes à la législation en vigueur. Les demandeurs doivent également prouver leur capacité à mettre en valeur le terrain, que ce soit pour des projets résidentiels, agricoles, industriels ou commerciaux.', 'methode_attribution': 'Les terrains sont classés selon leur vocation : urbains, ruraux, agricoles, industriels ou à usage mixte. Les terrains urbains sont généralement destinés à la construction de logements, d’infrastructures publiques ou de projets immobiliers. Les terrains ruraux et agricoles sont attribués pour soutenir le développement de l’agriculture, de l’élevage ou de l’agro-industrie. Les terrains industriels, quant à eux, sont réservés aux projets de production, de transformation ou de services à grande échelle.', 'documents_requis': 'Au Burkina Faso, l’attribution de terrains est régie par des règles et des procédures bien définies, visant à garantir une gestion transparente et équitable des ressources foncières. Ces conditions sont encadrées par des textes législatifs et réglementaires, notamment le Code général des collectivités territoriales, la Loi portant réorganisation agraire et foncière (RAF), ainsi que les décrets d’application relatifs à la gestion du domaine foncier national. L’objectif est de répondre aux besoins en logement, en développement économique et en infrastructures tout en préservant les droits des populations locales.'}}, 'paiement': {'methode': 'Mobile Money', 'numeroTransaction': 'TX-1737135963569', 'date': '2025-01-17T17:46:03.569Z'}}
Données reçues: {'identification': {'typePersonne': 'morale', 'raison_sociale': 'ika', 'forme_juridique': 'SA', 'rccm': '65+645654+6416+5', 'ifu': '62654645945', 'siege_social': 'krjdnskn', 'nom_representant': 'ika', 'prenom_representant': 'solution', 'fonction_representant': 'dg', 'telephone': '20000', 'email': 'dg@ika.bf', 'pays': 'Burkina Faso', 'region': 'ika solution', 'ville': 'Ouagadougou', 'adresse': '566 Avenu de la Nation Arrondissement 2 Secteur 10'}, 'parcelle': {'id': '22', 'code': 'SI', 'section': 'SE', 'lot': '5', 'numero': '600', 'surface': '600', 'coutUnitaire': '40000', 'prix': '24000000', 'acompte': '10000000', 'resteAPayer': '14000000', 'position': "Commerce Et Service À L'Angle D'Une Non Voie Bitumée", 'typeParcelle': 'Commercial'}, 'typeParcelle': {'id': '1', 'code': 'CM', 'nom': 'Commercial', 'description': 'Commercial'}, 'operation': {'id': '2', 'intitule': 'Vente site de Tougan', 'projet': '', 'localite': 'Tougan', 'montant_souscription': 10, 'duree_souscription': 12, 'description': 'Un site premium situé dans un quartier calme et verdoyant de Ziniaré.', 'condition': {'condition_souscription': 'Pour prétendre à l’attribution d’un terrain au Burkina Faso, le demandeur doit remplir certaines conditions. Tout d’abord, il doit être de nationalité burkinabè ou justifier d’un investissement économique significatif dans le pays pour les étrangers. Les entreprises, quant à elles, doivent être légalement enregistrées et exercer des activités conformes à la législation en vigueur. Les demandeurs doivent également prouver leur capacité à mettre en valeur le terrain, que ce soit pour des projets résidentiels, agricoles, industriels ou commerciaux.', 'methode_attribution': 'Les terrains sont classés selon leur vocation : urbains, ruraux, agricoles, industriels ou à usage mixte. Les terrains urbains sont généralement destinés à la construction de logements, d’infrastructures publiques ou de projets immobiliers. Les terrains ruraux et agricoles sont attribués pour soutenir le développement de l’agriculture, de l’élevage ou de l’agro-industrie. Les terrains industriels, quant à eux, sont réservés aux projets de production, de transformation ou de services à grande échelle.', 'documents_requis': 'Au Burkina Faso, l’attribution de terrains est régie par des règles et des procédures bien définies, visant à garantir une gestion transparente et équitable des ressources foncières. Ces conditions sont encadrées par des textes législatifs et réglementaires, notamment le Code général des collectivités territoriales, la Loi portant réorganisation agraire et foncière (RAF), ainsi que les décrets d’application relatifs à la gestion du domaine foncier national. L’objectif est de répondre aux besoins en logement, en développement économique et en infrastructures tout en préservant les droits des populations locales.'}}, 'paiement': {'methode': 'Mobile Money', 'numeroTransaction': 'TX-1737136237744', 'date': '2025-01-17T17:50:37.744Z'}}
Thread de déblocage des parcelles démarré
Thread de déblocage des parcelles démarré
Données reçues: {'identification': {'typePersonne': 'physique', 'nom_complet': 'TEGAWENDE MARTIN JUNIOR YAMEOGO', 'telephone': '74250254', 'email': 'myameogo@ikasolution.com', 'date_naissance': '1977-10-12', 'lieu_naissance': 'BOBO', 'profession': 'ELEVE', 'genre': 'M', 'document': 'CNIB', 'numero_piece': 'B11952283', 'date_expiration': '2025-01-10', 'lieu_etablissement': 'BOBO', 'date_etablissement': '2025-01-08', 'pays': 'Burkina Faso', 'region': 'ouagadougou', 'ville': 'OUAGADOUGOU', 'adresse': 'Ouagadougou'}, 'parcelle': {'id': '28', 'code': 'SI', 'section': 'SE', 'lot': '17', 'numero': '300', 'surface': '300', 'coutUnitaire': '26000', 'prix': '24000000', 'acompte': '2000000', 'resteAPayer': '5800000', 'position': "Habitation À L'Angle D'Une Voie Non Bitumée", 'typeParcelle': 'Habitation'}, 'typeParcelle': {'id': '2', 'code': 'HB', 'nom': 'Habitation', 'description': 'Habitation'}, 'operation': {'id': '4', 'intitule': 'Vente des parcelle site Yopougon', 'projet': '', 'localite': 'Yopougon', 'montant_souscription': 10, 'duree_souscription': 1, 'description': 'Ventes des tres  beau site de yopougon sideci akadjoba', 'condition': {'condition_souscription': "3. Prix de vente\r\nMontant total : [Montant en chiffres et en lettres].\r\n\r\nModalités de paiement :\r\n\r\nAcompte de [X%] à la signature du contrat.\r\n\r\nSolde à payer dans un délai de [X jours/mois] après [événement spécifique, par exemple l'obtention du permis de construire].\r\n\r\nMoyens de paiement acceptés : [chèque, virement bancaire, etc.].\r\n\r\n4. Frais et taxes\r\nFrais de notaire : À la charge de [l'acheteur/le vendeur/les deux parties selon accord].\r\n\r\nTaxes foncières : Le vendeur s'engage à régler les taxes foncières jusqu'au [date], après quoi elles seront à la charge de l'acheteur.", 'methode_attribution': "dans ajouter une operation quand on importe les parcelle il ya un cahmps POSITION et ce champs POSITIONest le code de la posiiton de parcelel qui se trouve dans positionparcelle  donc quan don importe des parcelle faut que les position des parcelle s'ajoute en meme temps dans l'opertation aussi directement via le code de la position , la position de la parcelle s'ajoute et se selectione en meme temps sur l'operation ", 'documents_requis': "5. Obligations du vendeur\r\nGarantir que la parcelle est libre de tout droit, hypothèque ou servitude non mentionnée.\r\n\r\nFournir tous les documents nécessaires (titre de propriété, plan cadastral, etc.).\r\n\r\nSignaler toute restriction d'usage ou servitude existante.\r\n\r\n6. Obligations de l'acheteur\r\nRespecter les modalités de paiement convenues.\r\n\r\nPrendre connaissance des règles d'urbanisme et des restrictions applicables à la parcelle.\r\n\r\nS'acquitter des frais de notaire et taxes à sa charge.\r\n\r\n7. Acte de vente"}}, 'paiement': {'methode': 'Mobile Money', 'numeroTransaction': 'TX-1737136444074', 'date': '2025-01-17T17:54:04.074Z'}}
Thread de déblocage des parcelles démarré
Thread de déblocage des parcelles démarré
Thread de déblocage des parcelles démarré
Parcelle 28 débloquée automatiquement à 2025-01-17 17:54:19.978628
Thread de déblocage des parcelles démarré
Thread de déblocage des parcelles démarré
Thread de déblocage des parcelles démarré
Thread de déblocage des parcelles démarré
Thread de déblocage des parcelles démarré
Thread de déblocage des parcelles démarré
Thread de déblocage des parcelles démarré
Thread de déblocage des parcelles démarré
Thread de déblocage des parcelles démarré
Données reçues: {'identification': {'typePersonne': 'morale', 'raison_sociale': 'aaaaaaa', 'forme_juridique': 'SARL', 'rccm': 'aaaaaaa', 'ifu': 'aaaaaaa', 'siege_social': 'aaaaaaa', 'nom_representant': 'aaaaaaa', 'prenom_representant': 'aaaaaaa', 'fonction_representant': 'aaaaaaa', 'telephone': 'aaaaaaa', 'email': 'aaaaaaa@aaaaaaa.com', 'pays': "Côte d'Ivoire", 'region': 'aaaaaaa', 'ville': 'aaaaaaa', 'adresse': 'aaaaaaa'}, 'parcelle': {'id': '18', 'code': 'SI', 'section': 'SE', 'lot': '17', 'numero': '300', 'surface': '300', 'coutUnitaire': '26000', 'prix': '7800000', 'acompte': '2000000', 'resteAPayer': '5800000', 'position': "Habitation A L'Angle D'Une Voie Bitumée", 'typeParcelle': 'Habitation'}, 'typeParcelle': {'id': '2', 'code': 'HB', 'nom': 'Habitation', 'description': 'Habitation'}, 'operation': {'id': '2', 'intitule': 'Vente site de Tougan', 'projet': '', 'localite': 'Tougan', 'montant_souscription': 10, 'duree_souscription': 12, 'description': 'Un site premium situé dans un quartier calme et verdoyant de Ziniaré.', 'condition': {'condition_souscription': 'Pour prétendre à l’attribution d’un terrain au Burkina Faso, le demandeur doit remplir certaines conditions. Tout d’abord, il doit être de nationalité burkinabè ou justifier d’un investissement économique significatif dans le pays pour les étrangers. Les entreprises, quant à elles, doivent être légalement enregistrées et exercer des activités conformes à la législation en vigueur. Les demandeurs doivent également prouver leur capacité à mettre en valeur le terrain, que ce soit pour des projets résidentiels, agricoles, industriels ou commerciaux.', 'methode_attribution': 'Les terrains sont classés selon leur vocation : urbains, ruraux, agricoles, industriels ou à usage mixte. Les terrains urbains sont généralement destinés à la construction de logements, d’infrastructures publiques ou de projets immobiliers. Les terrains ruraux et agricoles sont attribués pour soutenir le développement de l’agriculture, de l’élevage ou de l’agro-industrie. Les terrains industriels, quant à eux, sont réservés aux projets de production, de transformation ou de services à grande échelle.', 'documents_requis': 'Au Burkina Faso, l’attribution de terrains est régie par des règles et des procédures bien définies, visant à garantir une gestion transparente et équitable des ressources foncières. Ces conditions sont encadrées par des textes législatifs et réglementaires, notamment le Code général des collectivités territoriales, la Loi portant réorganisation agraire et foncière (RAF), ainsi que les décrets d’application relatifs à la gestion du domaine foncier national. L’objectif est de répondre aux besoins en logement, en développement économique et en infrastructures tout en préservant les droits des populations locales.'}}, 'paiement': {'methode': 'Mobile Money', 'numeroTransaction': 'TX-1737137694733', 'date': '2025-01-17T18:14:54.733Z'}}
Thread de déblocage des parcelles démarré
Thread de déblocage des parcelles démarré
Thread de déblocage des parcelles démarré
Données reçues: {'identification': {'typePersonne': 'physique', 'nom_complet': 'aaaaaaaaaa', 'telephone': 'aaaaaaaaaa', 'email': 'aaaaaaaaaa@aaaaaaaaaa.com', 'date_naissance': '2007-01-02', 'lieu_naissance': 'aaaaaaaaaa', 'profession': 'aaaaaaaaaa', 'genre': 'M', 'document': 'PASSEPORT', 'numero_piece': 'aaaaaaaaaa', 'date_expiration': '2025-02-09', 'lieu_etablissement': 'aaaaaaaaaa', 'date_etablissement': '2025-01-17', 'pays': 'Burkina Faso', 'region': 'aaaaaaaaaa', 'ville': 'aaaaaaaaaa', 'adresse': 'aaaaaaaaaa'}, 'parcelle': {'id': '25', 'code': 'SI', 'section': 'SE', 'lot': '3', 'numero': '600', 'surface': '600', 'coutUnitaire': '40000', 'prix': '24000000', 'acompte': '20000000', 'resteAPayer': '4000000', 'position': "Commerce Et Service A L'Angle D'Une Voie Bitumée", 'typeParcelle': 'Commercial'}, 'typeParcelle': {'id': '1', 'code': 'CM', 'nom': 'Commercial', 'description': 'Commercial'}, 'operation': {'id': '2', 'intitule': 'Vente site de Tougan', 'projet': '', 'localite': 'Tougan', 'montant_souscription': 10, 'duree_souscription': 12, 'description': 'Un site premium situé dans un quartier calme et verdoyant de Ziniaré.', 'condition': {'condition_souscription': 'Pour prétendre à l’attribution d’un terrain au Burkina Faso, le demandeur doit remplir certaines conditions. Tout d’abord, il doit être de nationalité burkinabè ou justifier d’un investissement économique significatif dans le pays pour les étrangers. Les entreprises, quant à elles, doivent être légalement enregistrées et exercer des activités conformes à la législation en vigueur. Les demandeurs doivent également prouver leur capacité à mettre en valeur le terrain, que ce soit pour des projets résidentiels, agricoles, industriels ou commerciaux.', 'methode_attribution': 'Les terrains sont classés selon leur vocation : urbains, ruraux, agricoles, industriels ou à usage mixte. Les terrains urbains sont généralement destinés à la construction de logements, d’infrastructures publiques ou de projets immobiliers. Les terrains ruraux et agricoles sont attribués pour soutenir le développement de l’agriculture, de l’élevage ou de l’agro-industrie. Les terrains industriels, quant à eux, sont réservés aux projets de production, de transformation ou de services à grande échelle.', 'documents_requis': 'Au Burkina Faso, l’attribution de terrains est régie par des règles et des procédures bien définies, visant à garantir une gestion transparente et équitable des ressources foncières. Ces conditions sont encadrées par des textes législatifs et réglementaires, notamment le Code général des collectivités territoriales, la Loi portant réorganisation agraire et foncière (RAF), ainsi que les décrets d’application relatifs à la gestion du domaine foncier national. L’objectif est de répondre aux besoins en logement, en développement économique et en infrastructures tout en préservant les droits des populations locales.'}}, 'paiement': {'methode': 'Mobile Money', 'numeroTransaction': 'TX-1737140688679', 'date': '2025-01-17T19:04:48.679Z'}}
Thread de déblocage des parcelles démarré
Thread de déblocage des parcelles démarré
Erreur dans le thread de déblocage: (2002, "Can't connect to server on 'localhost' (10061)")
Erreur dans le thread de déblocage: (2002, "Can't connect to server on 'localhost' (10061)")
Thread de déblocage des parcelles démarré
Thread de déblocage des parcelles démarré
Données reçues: {'identification': {'typePersonne': 'morale', 'raison_sociale': 'aaaaaaaa', 'forme_juridique': 'SARL', 'rccm': 'aaaaaaaa', 'ifu': 'aaaaaaaa', 'siege_social': 'aaaaaaaa', 'nom_representant': 'aaaaaaaa', 'prenom_representant': 'aaaaaaaa', 'fonction_representant': 'aaaaaaaa', 'telephone': 'aaaaaaaa', 'email': 'aaaaaaaa@aaaaaaaa.com', 'pays': "Côte d'Ivoire", 'region': 'aaaaaaaa', 'ville': 'aaaaaaaa', 'adresse': 'aaaaaaaa'}, 'parcelle': {'id': '31', 'code': 'SI', 'section': 'SE', 'lot': '6', 'numero': '600', 'surface': '600', 'coutUnitaire': '40000', 'prix': '24000000', 'acompte': '12000000', 'resteAPayer': '12000000', 'position': "Commerce Et Service À L'Angle D'Une Non Voie Bitumée", 'typeParcelle': 'Commercial'}, 'typeParcelle': {'id': '1', 'code': 'CM', 'nom': 'Commercial', 'description': 'Commercial'}, 'operation': {'id': '4', 'intitule': 'Vente des parcelle site Yopougon', 'projet': '', 'localite': 'Yopougon', 'montant_souscription': 10, 'duree_souscription': 1, 'description': 'Ventes des tres  beau site de yopougon sideci akadjoba', 'condition': {'condition_souscription': "3. Prix de vente\r\nMontant total : [Montant en chiffres et en lettres].\r\n\r\nModalités de paiement :\r\n\r\nAcompte de [X%] à la signature du contrat.\r\n\r\nSolde à payer dans un délai de [X jours/mois] après [événement spécifique, par exemple l'obtention du permis de construire].\r\n\r\nMoyens de paiement acceptés : [chèque, virement bancaire, etc.].\r\n\r\n4. Frais et taxes\r\nFrais de notaire : À la charge de [l'acheteur/le vendeur/les deux parties selon accord].\r\n\r\nTaxes foncières : Le vendeur s'engage à régler les taxes foncières jusqu'au [date], après quoi elles seront à la charge de l'acheteur.", 'methode_attribution': "dans ajouter une operation quand on importe les parcelle il ya un cahmps POSITION et ce champs POSITIONest le code de la posiiton de parcelel qui se trouve dans positionparcelle  donc quan don importe des parcelle faut que les position des parcelle s'ajoute en meme temps dans l'opertation aussi directement via le code de la position , la position de la parcelle s'ajoute et se selectione en meme temps sur l'operation ", 'documents_requis': "5. Obligations du vendeur\r\nGarantir que la parcelle est libre de tout droit, hypothèque ou servitude non mentionnée.\r\n\r\nFournir tous les documents nécessaires (titre de propriété, plan cadastral, etc.).\r\n\r\nSignaler toute restriction d'usage ou servitude existante.\r\n\r\n6. Obligations de l'acheteur\r\nRespecter les modalités de paiement convenues.\r\n\r\nPrendre connaissance des règles d'urbanisme et des restrictions applicables à la parcelle.\r\n\r\nS'acquitter des frais de notaire et taxes à sa charge.\r\n\r\n7. Acte de vente"}}, 'paiement': {'methode': 'Mobile Money', 'numeroTransaction': 'TX-1737192541866', 'date': '2025-01-18T09:29:01.866Z'}}
Données reçues: {'identification': {'typePersonne': 'morale', 'raison_sociale': 'aaaaaaaa', 'forme_juridique': 'SARL', 'rccm': 'aaaaaaaa', 'ifu': 'aaaaaaaa', 'siege_social': 'aaaaaaaa', 'nom_representant': 'aaaaaaaa', 'prenom_representant': 'aaaaaaaa', 'fonction_representant': 'aaaaaaaa', 'telephone': 'aaaaaaaa', 'email': 'aaaaaaaa@aaaaaaaa.com', 'pays': "Côte d'Ivoire", 'region': 'aaaaaaaa', 'ville': 'aaaaaaaa', 'adresse': 'aaaaaaaa'}, 'parcelle': {'id': '31', 'code': 'SI', 'section': 'SE', 'lot': '6', 'numero': '600', 'surface': '600', 'coutUnitaire': '40000', 'prix': '24000000', 'acompte': '12000000', 'resteAPayer': '12000000', 'position': "Commerce Et Service À L'Angle D'Une Non Voie Bitumée", 'typeParcelle': 'Commercial'}, 'typeParcelle': {'id': '1', 'code': 'CM', 'nom': 'Commercial', 'description': 'Commercial'}, 'operation': {'id': '4', 'intitule': 'Vente des parcelle site Yopougon', 'projet': '', 'localite': 'Yopougon', 'montant_souscription': 10, 'duree_souscription': 1, 'description': 'Ventes des tres  beau site de yopougon sideci akadjoba', 'condition': {'condition_souscription': "3. Prix de vente\r\nMontant total : [Montant en chiffres et en lettres].\r\n\r\nModalités de paiement :\r\n\r\nAcompte de [X%] à la signature du contrat.\r\n\r\nSolde à payer dans un délai de [X jours/mois] après [événement spécifique, par exemple l'obtention du permis de construire].\r\n\r\nMoyens de paiement acceptés : [chèque, virement bancaire, etc.].\r\n\r\n4. Frais et taxes\r\nFrais de notaire : À la charge de [l'acheteur/le vendeur/les deux parties selon accord].\r\n\r\nTaxes foncières : Le vendeur s'engage à régler les taxes foncières jusqu'au [date], après quoi elles seront à la charge de l'acheteur.", 'methode_attribution': "dans ajouter une operation quand on importe les parcelle il ya un cahmps POSITION et ce champs POSITIONest le code de la posiiton de parcelel qui se trouve dans positionparcelle  donc quan don importe des parcelle faut que les position des parcelle s'ajoute en meme temps dans l'opertation aussi directement via le code de la position , la position de la parcelle s'ajoute et se selectione en meme temps sur l'operation ", 'documents_requis': "5. Obligations du vendeur\r\nGarantir que la parcelle est libre de tout droit, hypothèque ou servitude non mentionnée.\r\n\r\nFournir tous les documents nécessaires (titre de propriété, plan cadastral, etc.).\r\n\r\nSignaler toute restriction d'usage ou servitude existante.\r\n\r\n6. Obligations de l'acheteur\r\nRespecter les modalités de paiement convenues.\r\n\r\nPrendre connaissance des règles d'urbanisme et des restrictions applicables à la parcelle.\r\n\r\nS'acquitter des frais de notaire et taxes à sa charge.\r\n\r\n7. Acte de vente"}}, 'paiement': {'methode': 'Mobile Money', 'numeroTransaction': 'TX-1737192576291', 'date': '2025-01-18T09:29:36.291Z'}}
Thread de déblocage des parcelles démarré
Thread de déblocage des parcelles démarré
Thread de déblocage des parcelles démarré
Thread de déblocage des parcelles démarré
Données reçues: {'identification': {'typePersonne': 'morale', 'raison_sociale': 'aaaaaa', 'forme_juridique': 'SARL', 'rccm': 'aaaaaa', 'ifu': 'aaaaaa', 'siege_social': 'aaaaaa', 'nom_representant': 'aaaaaa', 'prenom_representant': 'aaaaaa', 'fonction_representant': 'aaaaaa', 'telephone': 'aaaaaa', 'email': 'aaaaaa', 'pays': "Côte d'Ivoire", 'region': 'aaaaaa', 'ville': 'aaaaaa', 'adresse': 'aaaaaa'}, 'parcelle': {'id': '24', 'code': 'SI', 'section': 'SE', 'lot': '7', 'numero': '600', 'surface': '600', 'coutUnitaire': '40000', 'prix': '24000000', 'acompte': '15000000', 'resteAPayer': '9000000', 'position': "Commerce Et Service A L'Angle D'Une Voie Bitumée", 'typeParcelle': 'Commercial'}, 'typeParcelle': {'id': '1', 'code': 'CM', 'nom': 'Commercial', 'description': 'Commercial'}, 'operation': {'id': '2', 'intitule': 'Vente site de Tougan', 'projet': '', 'localite': 'Tougan', 'montant_souscription': 10, 'duree_souscription': 12, 'description': 'Un site premium situé dans un quartier calme et verdoyant de Ziniaré.', 'condition': {'condition_souscription': 'Pour prétendre à l’attribution d’un terrain au Burkina Faso, le demandeur doit remplir certaines conditions. Tout d’abord, il doit être de nationalité burkinabè ou justifier d’un investissement économique significatif dans le pays pour les étrangers. Les entreprises, quant à elles, doivent être légalement enregistrées et exercer des activités conformes à la législation en vigueur. Les demandeurs doivent également prouver leur capacité à mettre en valeur le terrain, que ce soit pour des projets résidentiels, agricoles, industriels ou commerciaux.', 'methode_attribution': 'Les terrains sont classés selon leur vocation : urbains, ruraux, agricoles, industriels ou à usage mixte. Les terrains urbains sont généralement destinés à la construction de logements, d’infrastructures publiques ou de projets immobiliers. Les terrains ruraux et agricoles sont attribués pour soutenir le développement de l’agriculture, de l’élevage ou de l’agro-industrie. Les terrains industriels, quant à eux, sont réservés aux projets de production, de transformation ou de services à grande échelle.', 'documents_requis': 'Au Burkina Faso, l’attribution de terrains est régie par des règles et des procédures bien définies, visant à garantir une gestion transparente et équitable des ressources foncières. Ces conditions sont encadrées par des textes législatifs et réglementaires, notamment le Code général des collectivités territoriales, la Loi portant réorganisation agraire et foncière (RAF), ainsi que les décrets d’application relatifs à la gestion du domaine foncier national. L’objectif est de répondre aux besoins en logement, en développement économique et en infrastructures tout en préservant les droits des populations locales.'}}, 'paiement': {'methode': 'Mobile Money', 'numeroTransaction': 'TX-1737197389531', 'date': '2025-01-18T10:49:49.531Z'}}
